<?xml version="1.0" encoding="UTF-8"?>
<!-- Generated by org.testng.reporters.JUnitReportReporter -->
<testsuite hostname="MSI-L2309" failures="0" tests="1" name="TestChallenge_01.LoginAndSelectMaxItem" time="6.739" errors="0" timestamp="2022-02-04T14:48:14 IST" skipped="0">
  <testcase classname="TestChallenge_01.LoginAndSelectMaxItem" name="loginDetails" time="6.739"/>
  <system-out/>
</testsuite> <!-- TestChallenge_01.LoginAndSelectMaxItem -->
